2026-03-19 21:51:19,227 - INFO - _client:1025 - HTTP Request: GET http://testserver/api/health "HTTP/1.1 200 OK"
2026-03-19 21:51:21,744 - INFO - _client:1025 - HTTP Request: POST http://testserver/api/parse "HTTP/1.1 200 OK"
2026-03-19 21:51:29,716 - INFO - _client:1025 - HTTP Request: POST http://testserver/api/extract "HTTP/1.1 500 Internal Server Error"
2026-03-19 21:52:15,451 - INFO - _client:1025 - HTTP Request: POST http://testserver/api/download "HTTP/1.1 200 OK"
2026-03-19 21:54:20,628 - INFO - _client:1025 - HTTP Request: POST http://testserver/api/extract "HTTP/1.1 400 Bad Request"
2026-03-19 21:54:20,666 - INFO - _client:1025 - HTTP Request: POST http://testserver/api/extract "HTTP/1.1 400 Bad Request"
2026-03-19 22:11:51,451 - INFO - _client:1025 - HTTP Request: GET http://testserver/api/health "HTTP/1.1 200 OK"
2026-03-19 22:12:05,843 - INFO - _client:1025 - HTTP Request: POST http://testserver/api/parse "HTTP/1.1 200 OK"
2026-03-19 22:12:06,657 - INFO - _client:1025 - HTTP Request: POST http://testserver/api/download "HTTP/1.1 200 OK"
2026-03-19 22:35:30,187 - INFO - _client:1025 - HTTP Request: GET http://testserver/api/health "HTTP/1.1 200 OK"
2026-03-19 22:38:06,168 - INFO - _client:1025 - HTTP Request: GET http://testserver/api/health "HTTP/1.1 200 OK"
2026-03-19 23:17:47,209 - INFO - _client:1025 - HTTP Request: GET http://testserver/ "HTTP/1.1 200 OK"
2026-03-19 23:17:47,217 - INFO - _client:1025 - HTTP Request: GET http://testserver/api/health "HTTP/1.1 200 OK"
2026-03-19 23:17:47,296 - INFO - _client:1025 - HTTP Request: GET http://testserver/web/styles.css "HTTP/1.1 200 OK"
2026-03-19 23:17:47,891 - INFO - _client:1025 - HTTP Request: POST http://testserver/api/parse "HTTP/1.1 400 Bad Request"
2026-03-19 23:18:02,327 - INFO - _client:1025 - HTTP Request: POST http://testserver/api/parse "HTTP/1.1 400 Bad Request"
2026-03-19 23:27:46,131 - INFO - _client:1025 - HTTP Request: GET http://testserver/api/health "HTTP/1.1 200 OK"
2026-03-19 23:27:46,141 - INFO - _client:1025 - HTTP Request: GET http://testserver/ "HTTP/1.1 200 OK"
2026-03-19 23:27:46,942 - INFO - _client:1025 - HTTP Request: POST http://testserver/api/parse "HTTP/1.1 500 Internal Server Error"
2026-03-19 23:28:42,271 - INFO - _client:1025 - HTTP Request: POST http://testserver/api/parse "HTTP/1.1 500 Internal Server Error"
2026-03-19 23:30:10,165 - INFO - _client:1025 - HTTP Request: GET http://testserver/web/styles.css "HTTP/1.1 200 OK"
2026-03-19 23:30:10,169 - INFO - _client:1025 - HTTP Request: GET http://testserver/web/app.js "HTTP/1.1 200 OK"
